This is pdfTeX, Version 3.141592653-2.6-1.40.22 (TeX Live 2022/dev/Debian) (preloaded format=pdflatex 2023.9.18)  9 OCT 2023 21:44
entering extended mode
 restricted \write18 enabled.
 %&-line parsing enabled.
**uml.tex
(./uml.tex
LaTeX2e <2021-11-15> patch level 1
L3 programming layer <2022-01-21>
(/usr/share/texlive/texmf-dist/tex/latex/base/article.cls
Document Class: article 2021/10/04 v1.4n Standard LaTeX document class
(/usr/share/texlive/texmf-dist/tex/latex/base/size12.clo
File: size12.clo 2021/10/04 v1.4n Standard LaTeX file (size option)
)
\c@part=\count185
\c@section=\count186
\c@subsection=\count187
\c@subsubsection=\count188
\c@paragraph=\count189
\c@subparagraph=\count190
\c@figure=\count191
\c@table=\count192
\abovecaptionskip=\skip47
\belowcaptionskip=\skip48
\bibindent=\dimen138
)
(/usr/share/texlive/texmf-dist/tex/latex/l3backend/l3backend-pdftex.def
File: l3backend-pdftex.def 2022-01-12 L3 backend support: PDF output (pdfTeX)
\l__color_backend_stack_int=\count193
\l__pdf_internal_box=\box50
)
(./uml.aux)
\openout1 = `uml.aux'.

LaTeX Font Info:    Checking defaults for OML/cmm/m/it on input line 4.
LaTeX Font Info:    ... okay on input line 4.
LaTeX Font Info:    Checking defaults for OMS/cmsy/m/n on input line 4.
LaTeX Font Info:    ... okay on input line 4.
LaTeX Font Info:    Checking defaults for OT1/cmr/m/n on input line 4.
LaTeX Font Info:    ... okay on input line 4.
LaTeX Font Info:    Checking defaults for T1/cmr/m/n on input line 4.
LaTeX Font Info:    ... okay on input line 4.
LaTeX Font Info:    Checking defaults for TS1/cmr/m/n on input line 4.
LaTeX Font Info:    ... okay on input line 4.
LaTeX Font Info:    Checking defaults for OMX/cmex/m/n on input line 4.
LaTeX Font Info:    ... okay on input line 4.
LaTeX Font Info:    Checking defaults for U/cmr/m/n on input line 4.
LaTeX Font Info:    ... okay on input line 4.

Overfull \hbox (1.89984pt too wide) in paragraph at lines 6--6
[]\OT1/cmr/bx/n/17.28 Module 6 -- Uni-fied Mod-el-ing Lan-guage (UML) 
 []


Overfull \hbox (5.2002pt too wide) in paragraph at lines 45--45
[]  \OT1/cmtt/m/n/12 if message FROM child == "good night" { read_bedtime_story
() }[] 
 []

[1

{/var/lib/texmf/fonts/map/pdftex/updmap/pdftex.map}]
Overfull \hbox (134.87526pt too wide) in paragraph at lines 62--62
[]    \OT1/cmtt/m/n/12 object CAR performs OPERATE_WIPERS method when sent a me
ssage from wiper control.[] 
 []


Overfull \hbox (110.17525pt too wide) in paragraph at lines 62--62
[]    \OT1/cmtt/m/n/12 object CAR performs APPLY_BRAKES method when sent a mess
age from brake pedal.[] 
 []


Overfull \hbox (2.46065pt too wide) in paragraph at lines 87--88
[]\OT1/cmr/bx/n/12 encapsulation \OT1/cmr/m/n/12 al-lows ob-jects to be used as
 mod-u-lar com-po-nents through-
 []

[2] [3]
LaTeX Font Info:    External font `cmex10' loaded for size
(Font)              <12> on input line 159.
LaTeX Font Info:    External font `cmex10' loaded for size
(Font)              <8> on input line 159.
LaTeX Font Info:    External font `cmex10' loaded for size
(Font)              <6> on input line 159.

Overfull \hbox (33.21944pt too wide) in paragraph at lines 159--171
 [][] 
 []


LaTeX Warning: `h' float specifier changed to `ht'.

[4] [5] (./uml.aux) ) 
Here is how much of TeX's memory you used:
 430 strings out of 478287
 7710 string characters out of 5849289
 306631 words of memory out of 5000000
 18697 multiletter control sequences out of 15000+600000
 474029 words of font info for 44 fonts, out of 8000000 for 9000
 1141 hyphenation exceptions out of 8191
 33i,10n,38p,325b,262s stack positions out of 5000i,500n,10000p,200000b,80000s
</usr/share/texlive/texmf-dist/fonts/type1/public/amsfonts
/cm/cmbx12.pfb></usr/share/texlive/texmf-dist/fonts/type1/public/amsfonts/cm/cm
r12.pfb></usr/share/texlive/texmf-dist/fonts/type1/public/amsfonts/cm/cmti12.pf
b></usr/share/texlive/texmf-dist/fonts/type1/public/amsfonts/cm/cmtt12.pfb>
Output written on uml.pdf (5 pages, 67815 bytes).
PDF statistics:
 40 PDF objects out of 1000 (max. 8388607)
 24 compressed objects within 1 object stream
 0 named destinations out of 1000 (max. 500000)
 1 words of extra memory for PDF output out of 10000 (max. 10000000)

